2019-09-12 21:40:51.991  INFO 13300 --- [Test worker] s.c.a.AnnotationConfigApplicationContext : Refreshing org.springframework.context.annotation.AnnotationConfigApplicationContext@1f8b64b: startup date [Thu Sep 12 21:40:51 CST 2019]; root of context hierarchy
2019-09-12 21:40:52.519  INFO 13300 --- [Test worker] trationDelegate$BeanPostProcessorChecker : Bean 'configurationPropertiesRebinderAutoConfiguration' of type [org.springframework.cloud.autoconfigure.ConfigurationPropertiesRebinderAutoConfiguration$$EnhancerBySpringCGLIB$$4edada68] is not eligible for getting processed by all BeanPostProcessors (for example: not eligible for auto-proxying)
2019-09-12 21:40:53.549  INFO 13300 --- [Test worker] com.lind.basic.es.EsBlogRepositoryTest   : No active profile set, falling back to default profiles: default
2019-09-12 21:40:53.556  INFO 13300 --- [Test worker] o.s.w.c.s.GenericWebApplicationContext   : Refreshing org.springframework.web.context.support.GenericWebApplicationContext@1b7d064: startup date [Thu Sep 12 21:40:53 CST 2019]; parent: org.springframework.context.annotation.AnnotationConfigApplicationContext@1f8b64b
2019-09-12 21:40:55.866  INFO 13300 --- [Test worker] .s.d.r.c.RepositoryConfigurationDelegate : Multiple Spring Data modules found, entering strict repository configuration mode!
2019-09-12 21:40:56.299  INFO 13300 --- [Test worker] .s.d.r.c.RepositoryConfigurationDelegate : Multiple Spring Data modules found, entering strict repository configuration mode!
2019-09-12 21:40:56.346  INFO 13300 --- [Test worker] .RepositoryConfigurationExtensionSupport : Spring Data MongoDB - Could not safely identify store assignment for repository candidate interface com.lind.basic.es.EsBlogRepository.
2019-09-12 21:40:56.369  INFO 13300 --- [Test worker] .s.d.r.c.RepositoryConfigurationDelegate : Multiple Spring Data modules found, entering strict repository configuration mode!
2019-09-12 21:40:56.428  INFO 13300 --- [Test worker] .RepositoryConfigurationExtensionSupport : Spring Data Redis - Could not safely identify store assignment for repository candidate interface com.lind.basic.es.EsBlogRepository.
2019-09-12 21:40:57.055  INFO 13300 --- [Test worker] o.s.cloud.context.scope.GenericScope     : BeanFactory id=2682ebf2-3880-3326-84cc-dd4d0276b50d
2019-09-12 21:40:57.473  INFO 13300 --- [Test worker] trationDelegate$BeanPostProcessorChecker : Bean 'org.springframework.amqp.rabbit.annotation.RabbitBootstrapConfiguration' of type [org.springframework.amqp.rabbit.annotation.RabbitBootstrapConfiguration$$EnhancerBySpringCGLIB$$f92c9599] is not eligible for getting processed by all BeanPostProcessors (for example: not eligible for auto-proxying)
2019-09-12 21:40:57.936  INFO 13300 --- [Test worker] trationDelegate$BeanPostProcessorChecker : Bean 'org.springframework.cloud.autoconfigure.ConfigurationPropertiesRebinderAutoConfiguration' of type [org.springframework.cloud.autoconfigure.ConfigurationPropertiesRebinderAutoConfiguration$$EnhancerBySpringCGLIB$$4edada68] is not eligible for getting processed by all BeanPostProcessors (for example: not eligible for auto-proxying)
2019-09-12 21:41:02.725  INFO 13300 --- [Test worker] o.elasticsearch.plugins.PluginsService   : no modules loaded
2019-09-12 21:41:02.729  INFO 13300 --- [Test worker] o.elasticsearch.plugins.PluginsService   : loaded plugin [org.elasticsearch.index.reindex.ReindexPlugin]
2019-09-12 21:41:02.730  INFO 13300 --- [Test worker] o.elasticsearch.plugins.PluginsService   : loaded plugin [org.elasticsearch.join.ParentJoinPlugin]
2019-09-12 21:41:02.730  INFO 13300 --- [Test worker] o.elasticsearch.plugins.PluginsService   : loaded plugin [org.elasticsearch.percolator.PercolatorPlugin]
2019-09-12 21:41:02.730  INFO 13300 --- [Test worker] o.elasticsearch.plugins.PluginsService   : loaded plugin [org.elasticsearch.script.mustache.MustachePlugin]
2019-09-12 21:41:02.730  INFO 13300 --- [Test worker] o.elasticsearch.plugins.PluginsService   : loaded plugin [org.elasticsearch.transport.Netty4Plugin]
2019-09-12 21:41:06.254  INFO 13300 --- [Test worker] o.s.d.e.c.TransportClientFactoryBean     : Adding transport node : 127.0.0.1:9300
2019-09-12 21:41:09.007 ERROR 13300 --- [Test worker] .d.e.r.s.AbstractElasticsearchRepository : failed to load elasticsearch nodes : org.elasticsearch.client.transport.NoNodeAvailableException: None of the configured nodes are available: [{#transport#-1}{F1ELYV2tRuWp85S98wtFTw}{127.0.0.1}{127.0.0.1:9300}]
2019-09-12 21:41:09.234  INFO 13300 --- [Test worker] s.w.s.m.m.a.RequestMappingHandlerMapping : Mapped "{[/hello/{id}],methods=[GET]}" onto public org.springframework.http.ResponseEntity<com.lind.basic.entity.Token> com.lind.basic.controller.HelloControler.get(int)
2019-09-12 21:41:09.235  INFO 13300 --- [Test worker] s.w.s.m.m.a.RequestMappingHandlerMapping : Mapped "{[/hello],methods=[GET]}" onto public org.springframework.http.ResponseEntity<com.lind.basic.entity.Token> com.lind.basic.controller.HelloControler.get()
2019-09-12 21:41:09.236  INFO 13300 --- [Test worker] s.w.s.m.m.a.RequestMappingHandlerMapping : Mapped "{[/hello/{id}],methods=[PUT]}" onto public org.springframework.http.ResponseEntity<com.lind.basic.entity.Token> com.lind.basic.controller.HelloControler.put(int,com.lind.basic.entity.Token)
2019-09-12 21:41:09.236  INFO 13300 --- [Test worker] s.w.s.m.m.a.RequestMappingHandlerMapping : Mapped "{[/hello/{id}],methods=[DELETE]}" onto public org.springframework.http.ResponseEntity<com.lind.basic.entity.Token> com.lind.basic.controller.HelloControler.delete(int)
2019-09-12 21:41:09.237  INFO 13300 --- [Test worker] s.w.s.m.m.a.RequestMappingHandlerMapping : Mapped "{[/hello],methods=[POST]}" onto public org.springframework.http.ResponseEntity<com.lind.basic.entity.Token> com.lind.basic.controller.HelloControler.post(com.lind.basic.entity.Token)
2019-09-12 21:41:09.241  INFO 13300 --- [Test worker] s.w.s.m.m.a.RequestMappingHandlerMapping : Mapped "{[/v2/api-docs],methods=[GET],produces=[application/json || application/hal+json]}" onto public org.springframework.http.ResponseEntity<springfox.documentation.spring.web.json.Json> springfox.documentation.swagger2.web.Swagger2Controller.getDocumentation(java.lang.String,javax.servlet.http.HttpServletRequest)
2019-09-12 21:41:09.244  INFO 13300 --- [Test worker] s.w.s.m.m.a.RequestMappingHandlerMapping : Mapped "{[/swagger-resources/configuration/security]}" onto org.springframework.http.ResponseEntity<springfox.documentation.swagger.web.SecurityConfiguration> springfox.documentation.swagger.web.ApiResourceController.securityConfiguration()
2019-09-12 21:41:09.245  INFO 13300 --- [Test worker] s.w.s.m.m.a.RequestMappingHandlerMapping : Mapped "{[/swagger-resources]}" onto org.springframework.http.ResponseEntity<java.util.List<springfox.documentation.swagger.web.SwaggerResource>> springfox.documentation.swagger.web.ApiResourceController.swaggerResources()
2019-09-12 21:41:09.246  INFO 13300 --- [Test worker] s.w.s.m.m.a.RequestMappingHandlerMapping : Mapped "{[/swagger-resources/configuration/ui]}" onto org.springframework.http.ResponseEntity<springfox.documentation.swagger.web.UiConfiguration> springfox.documentation.swagger.web.ApiResourceController.uiConfiguration()
2019-09-12 21:41:09.252  INFO 13300 --- [Test worker] s.w.s.m.m.a.RequestMappingHandlerMapping : Mapped "{[/error]}" onto public org.springframework.http.ResponseEntity<java.util.Map<java.lang.String, java.lang.Object>> org.springframework.boot.autoconfigure.web.servlet.error.BasicErrorController.error(javax.servlet.http.HttpServletRequest)
2019-09-12 21:41:09.253  INFO 13300 --- [Test worker] s.w.s.m.m.a.RequestMappingHandlerMapping : Mapped "{[/error],produces=[text/html]}" onto public org.springframework.web.servlet.ModelAndView org.springframework.boot.autoconfigure.web.servlet.error.BasicErrorController.errorHtml(javax.servlet.http.HttpServletRequest,javax.servlet.http.HttpServletResponse)
2019-09-12 21:41:09.730  INFO 13300 --- [Test worker] o.s.b.a.mongo.embedded.EmbeddedMongo     : Download 3.2.2:Windows:B32 : starting...
2019-09-12 21:41:12.926  INFO 13300 --- [Test worker] o.s.b.a.mongo.embedded.EmbeddedMongo     : Download 3.2.2:Windows:B32 : DownloadSize: 137946908
2019-09-12 21:41:12.927  INFO 13300 --- [Test worker] o.s.b.a.mongo.embedded.EmbeddedMongo     : Download 3.2.2:Windows:B32 : 0 %
